Classic Timing Analyzer report for count1
Mon Oct 09 13:50:26 2017
Quartus II Version 9.1 Build 304 01/25/2010 Service Pack 1 SJ Full Version


---------------------
; Table of Contents ;
---------------------
  1. Legal Notice
  2. Timing Analyzer Summary
  3. Timing Analyzer Settings
  4. Clock Settings Summary
  5. Parallel Compilation
  6. Clock Setup: 'CLK'
  7. tco
  8. Timing Analyzer Messages



----------------
; Legal Notice ;
----------------
Copyright (C) 1991-2010 Altera Corporation
Your use of Altera Corporation's design tools, logic functions 
and other software and tools, and its AMPP partner logic 
functions, and any output files from any of the foregoing 
(including device programming or simulation files), and any 
associated documentation or information are expressly subject 
to the terms and conditions of the Altera Program License 
Subscription Agreement, Altera MegaCore Function License 
Agreement, or other applicable license agreement, including, 
without limitation, that your use is for the sole purpose of 
programming logic devices manufactured by Altera and sold by 
Altera or its authorized distributors.  Please refer to the 
applicable agreement for further details.



+--------------------------------------------------------------------------------------------------------------------------------------------------------------+
; Timing Analyzer Summary                                                                                                                                      ;
+------------------------------+-------+---------------+------------------------------------------------+-------+-------+------------+----------+--------------+
; Type                         ; Slack ; Required Time ; Actual Time                                    ; From  ; To    ; From Clock ; To Clock ; Failed Paths ;
+------------------------------+-------+---------------+------------------------------------------------+-------+-------+------------+----------+--------------+
; Worst-case tco               ; N/A   ; None          ; 13.282 ns                                      ; inst3 ; Q3    ; CLK        ; --       ; 0            ;
; Clock Setup: 'CLK'           ; N/A   ; None          ; Restricted to 275.03 MHz ( period = 3.636 ns ) ; inst2 ; inst2 ; CLK        ; CLK      ; 0            ;
; Total number of failed paths ;       ;               ;                                                ;       ;       ;            ;          ; 0            ;
+------------------------------+-------+---------------+------------------------------------------------+-------+-------+------------+----------+--------------+


+-----------------------------------------------------------------------------------------------------------------------------------------------------+
; Timing Analyzer Settings                                                                                                                            ;
+------------------------------------------------------------------------------------------------------+--------------------+------+----+-------------+
; Option                                                                                               ; Setting            ; From ; To ; Entity Name ;
+------------------------------------------------------------------------------------------------------+--------------------+------+----+-------------+
; Device Name                                                                                          ; EP1C3T100C8        ;      ;    ;             ;
; Timing Models                                                                                        ; Final              ;      ;    ;             ;
; Default hold multicycle                                                                              ; Same as Multicycle ;      ;    ;             ;
; Cut paths between unrelated clock domains                                                            ; On                 ;      ;    ;             ;
; Cut off read during write signal paths                                                               ; On                 ;      ;    ;             ;
; Cut off feedback from I/O pins                                                                       ; On                 ;      ;    ;             ;
; Report Combined Fast/Slow Timing                                                                     ; Off                ;      ;    ;             ;
; Ignore Clock Settings                                                                                ; Off                ;      ;    ;             ;
; Analyze latches as synchronous elements                                                              ; On                 ;      ;    ;             ;
; Enable Recovery/Removal analysis                                                                     ; Off                ;      ;    ;             ;
; Enable Clock Latency                                                                                 ; Off                ;      ;    ;             ;
; Use TimeQuest Timing Analyzer                                                                        ; Off                ;      ;    ;             ;
; Minimum Core Junction Temperature                                                                    ; 0                  ;      ;    ;             ;
; Maximum Core Junction Temperature                                                                    ; 85                 ;      ;    ;             ;
; Number of source nodes to report per destination node                                                ; 10                 ;      ;    ;             ;
; Number of destination nodes to report                                                                ; 10                 ;      ;    ;             ;
; Number of paths to report                                                                            ; 200                ;      ;    ;             ;
; Report Minimum Timing Checks                                                                         ; Off                ;      ;    ;             ;
; Use Fast Timing Models                                                                               ; Off                ;      ;    ;             ;
; Report IO Paths Separately                                                                           ; Off                ;      ;    ;             ;
; Perform Multicorner Analysis                                                                         ; Off                ;      ;    ;             ;
; Reports the worst-case path for each clock domain and analysis                                       ; Off                ;      ;    ;             ;
; Reports worst-case timing paths for each clock domain and analysis                                   ; On                 ;      ;    ;             ;
; Specifies the maximum number of worst-case timing paths to report for each clock domain and analysis ; 100                ;      ;    ;             ;
; Removes common clock path pessimism (CCPP) during slack computation                                  ; Off                ;      ;    ;             ;
; Output I/O Timing Endpoint                                                                           ; Near End           ;      ;    ;             ;
+------------------------------------------------------------------------------------------------------+--------------------+------+----+-------------+


+------------------------------------------------------------------------------------------------------------------------------------------------------------------------------------+
; Clock Settings Summary                                                                                                                                                             ;
+-----------------+--------------------+----------+------------------+---------------+--------------+----------+-----------------------+---------------------+--------+--------------+
; Clock Node Name ; Clock Setting Name ; Type     ; Fmax Requirement ; Early Latency ; Late Latency ; Based on ; Multiply Base Fmax by ; Divide Base Fmax by ; Offset ; Phase offset ;
+-----------------+--------------------+----------+------------------+---------------+--------------+----------+-----------------------+---------------------+--------+--------------+
; CLK             ;                    ; User Pin ; None             ; 0.000 ns      ; 0.000 ns     ; --       ; N/A                   ; N/A                 ; N/A    ;              ;
+-----------------+--------------------+----------+------------------+---------------+--------------+----------+-----------------------+---------------------+--------+--------------+


+------------------------------------------+
; Parallel Compilation                     ;
+----------------------------+-------------+
; Processors                 ; Number      ;
+----------------------------+-------------+
; Number detected on machine ; 4           ;
; Maximum allowed            ; 4           ;
;                            ;             ;
; Average used               ; 1.00        ;
; Maximum used               ; 1           ;
;                            ;             ;
; Usage by Processor         ; % Time Used ;
;     1 processor            ; 100.0%      ;
;     2-4 processors         ;   0.0%      ;
+----------------------------+-------------+


+------------------------------------------------------------------------------------------------------------------------------------------------------------------------------------+
; Clock Setup: 'CLK'                                                                                                                                                                 ;
+-------+------------------------------------------------+-------+-------+------------+----------+-----------------------------+---------------------------+-------------------------+
; Slack ; Actual fmax (period)                           ; From  ; To    ; From Clock ; To Clock ; Required Setup Relationship ; Required Longest P2P Time ; Actual Longest P2P Time ;
+-------+------------------------------------------------+-------+-------+------------+----------+-----------------------------+---------------------------+-------------------------+
; N/A   ; Restricted to 275.03 MHz ( period = 3.636 ns ) ; inst2 ; inst2 ; CLK        ; CLK      ; None                        ; None                      ; 0.839 ns                ;
; N/A   ; Restricted to 275.03 MHz ( period = 3.636 ns ) ; inst  ; inst  ; CLK        ; CLK      ; None                        ; None                      ; 0.836 ns                ;
; N/A   ; Restricted to 275.03 MHz ( period = 3.636 ns ) ; inst1 ; inst1 ; CLK        ; CLK      ; None                        ; None                      ; 0.833 ns                ;
; N/A   ; Restricted to 275.03 MHz ( period = 3.636 ns ) ; inst3 ; inst3 ; CLK        ; CLK      ; None                        ; None                      ; 0.833 ns                ;
+-------+------------------------------------------------+-------+-------+------------+----------+-----------------------------+---------------------------+-------------------------+


+-------------------------------------------------------------+
; tco                                                         ;
+-------+--------------+------------+-------+----+------------+
; Slack ; Required tco ; Actual tco ; From  ; To ; From Clock ;
+-------+--------------+------------+-------+----+------------+
; N/A   ; None         ; 13.282 ns  ; inst3 ; Q3 ; CLK        ;
; N/A   ; None         ; 11.772 ns  ; inst2 ; Q2 ; CLK        ;
; N/A   ; None         ; 9.987 ns   ; inst1 ; Q1 ; CLK        ;
; N/A   ; None         ; 8.738 ns   ; inst  ; Q0 ; CLK        ;
+-------+--------------+------------+-------+----+------------+


+--------------------------+
; Timing Analyzer Messages ;
+--------------------------+
Info: *******************************************************************
Info: Running Quartus II Classic Timing Analyzer
    Info: Version 9.1 Build 304 01/25/2010 Service Pack 1 SJ Full Version
    Info: Processing started: Mon Oct 09 13:50:26 2017
Info: Command: quartus_tan --read_settings_files=off --write_settings_files=off count1 -c count1 --timing_analysis_only
Info: Parallel compilation is enabled and will use 4 of the 4 processors detected
Warning: Found pins functioning as undefined clocks and/or memory enables
    Info: Assuming node "CLK" is an undefined clock
Warning: Found 3 node(s) in clock paths which may be acting as ripple and/or gated clocks -- node(s) analyzed as buffer(s) resulting in clock skew
    Info: Detected ripple clock "inst2" as buffer
    Info: Detected ripple clock "inst1" as buffer
    Info: Detected ripple clock "inst" as buffer
Info: Clock "CLK" Internal fmax is restricted to 275.03 MHz between source register "inst2" and destination register "inst2"
    Info: fmax restricted to Clock High delay (1.818 ns) plus Clock Low delay (1.818 ns) : restricted to 3.636 ns. Expand message to see actual delay path.
        Info: + Longest register to register delay is 0.839 ns
            Info: 1: + IC(0.000 ns) + CELL(0.000 ns) = 0.000 ns; Loc. = LC_X1_Y1_N3; Fanout = 3; REG Node = 'inst2'
            Info: 2: + IC(0.530 ns) + CELL(0.309 ns) = 0.839 ns; Loc. = LC_X1_Y1_N3; Fanout = 3; REG Node = 'inst2'
            Info: Total cell delay = 0.309 ns ( 36.83 % )
            Info: Total interconnect delay = 0.530 ns ( 63.17 % )
        Info: - Smallest clock skew is 0.000 ns
            Info: + Shortest clock path from clock "CLK" to destination register is 8.280 ns
                Info: 1: + IC(0.000 ns) + CELL(1.469 ns) = 1.469 ns; Loc. = PIN_1; Fanout = 1; CLK Node = 'CLK'
                Info: 2: + IC(1.660 ns) + CELL(0.935 ns) = 4.064 ns; Loc. = LC_X4_Y9_N5; Fanout = 3; REG Node = 'inst'
                Info: 3: + IC(0.576 ns) + CELL(0.935 ns) = 5.575 ns; Loc. = LC_X4_Y9_N0; Fanout = 3; REG Node = 'inst1'
                Info: 4: + IC(1.994 ns) + CELL(0.711 ns) = 8.280 ns; Loc. = LC_X1_Y1_N3; Fanout = 3; REG Node = 'inst2'
                Info: Total cell delay = 4.050 ns ( 48.91 % )
                Info: Total interconnect delay = 4.230 ns ( 51.09 % )
            Info: - Longest clock path from clock "CLK" to source register is 8.280 ns
                Info: 1: + IC(0.000 ns) + CELL(1.469 ns) = 1.469 ns; Loc. = PIN_1; Fanout = 1; CLK Node = 'CLK'
                Info: 2: + IC(1.660 ns) + CELL(0.935 ns) = 4.064 ns; Loc. = LC_X4_Y9_N5; Fanout = 3; REG Node = 'inst'
                Info: 3: + IC(0.576 ns) + CELL(0.935 ns) = 5.575 ns; Loc. = LC_X4_Y9_N0; Fanout = 3; REG Node = 'inst1'
                Info: 4: + IC(1.994 ns) + CELL(0.711 ns) = 8.280 ns; Loc. = LC_X1_Y1_N3; Fanout = 3; REG Node = 'inst2'
                Info: Total cell delay = 4.050 ns ( 48.91 % )
                Info: Total interconnect delay = 4.230 ns ( 51.09 % )
        Info: + Micro clock to output delay of source is 0.224 ns
        Info: + Micro setup delay of destination is 0.037 ns
Info: tco from clock "CLK" to destination pin "Q3" through register "inst3" is 13.282 ns
    Info: + Longest clock path from clock "CLK" to source register is 9.789 ns
        Info: 1: + IC(0.000 ns) + CELL(1.469 ns) = 1.469 ns; Loc. = PIN_1; Fanout = 1; CLK Node = 'CLK'
        Info: 2: + IC(1.660 ns) + CELL(0.935 ns) = 4.064 ns; Loc. = LC_X4_Y9_N5; Fanout = 3; REG Node = 'inst'
        Info: 3: + IC(0.576 ns) + CELL(0.935 ns) = 5.575 ns; Loc. = LC_X4_Y9_N0; Fanout = 3; REG Node = 'inst1'
        Info: 4: + IC(1.994 ns) + CELL(0.935 ns) = 8.504 ns; Loc. = LC_X1_Y1_N3; Fanout = 3; REG Node = 'inst2'
        Info: 5: + IC(0.574 ns) + CELL(0.711 ns) = 9.789 ns; Loc. = LC_X1_Y1_N5; Fanout = 2; REG Node = 'inst3'
        Info: Total cell delay = 4.985 ns ( 50.92 % )
        Info: Total interconnect delay = 4.804 ns ( 49.08 % )
    Info: + Micro clock to output delay of source is 0.224 ns
    Info: + Longest register to pin delay is 3.269 ns
        Info: 1: + IC(0.000 ns) + CELL(0.000 ns) = 0.000 ns; Loc. = LC_X1_Y1_N5; Fanout = 2; REG Node = 'inst3'
        Info: 2: + IC(1.145 ns) + CELL(2.124 ns) = 3.269 ns; Loc. = PIN_25; Fanout = 0; PIN Node = 'Q3'
        Info: Total cell delay = 2.124 ns ( 64.97 % )
        Info: Total interconnect delay = 1.145 ns ( 35.03 % )
Info: Quartus II Classic Timing Analyzer was successful. 0 errors, 2 warnings
    Info: Peak virtual memory: 170 megabytes
    Info: Processing ended: Mon Oct 09 13:50:26 2017
    Info: Elapsed time: 00:00:00
    Info: Total CPU time (on all processors): 00:00:00


