Classic Timing Analyzer report for dffe_project
Mon Oct 30 16:05:11 2017
Quartus II Version 9.1 Build 304 01/25/2010 Service Pack 1 SJ Full Version


---------------------
; Table of Contents ;
---------------------
  1. Legal Notice
  2. Timing Analyzer Summary
  3. Timing Analyzer Settings
  4. Clock Settings Summary
  5. Parallel Compilation
  6. tsu
  7. tco
  8. th
  9. Timing Analyzer Messages



----------------
; Legal Notice ;
----------------
Copyright (C) 1991-2010 Altera Corporation
Your use of Altera Corporation's design tools, logic functions 
and other software and tools, and its AMPP partner logic 
functions, and any output files from any of the foregoing 
(including device programming or simulation files), and any 
associated documentation or information are expressly subject 
to the terms and conditions of the Altera Program License 
Subscription Agreement, Altera MegaCore Function License 
Agreement, or other applicable license agreement, including, 
without limitation, that your use is for the sole purpose of 
programming logic devices manufactured by Altera and sold by 
Altera or its authorized distributors.  Please refer to the 
applicable agreement for further details.



+-------------------------------------------------------------------------------------------------------------------------+
; Timing Analyzer Summary                                                                                                 ;
+------------------------------+-------+---------------+-------------+------+------+------------+----------+--------------+
; Type                         ; Slack ; Required Time ; Actual Time ; From ; To   ; From Clock ; To Clock ; Failed Paths ;
+------------------------------+-------+---------------+-------------+------+------+------------+----------+--------------+
; Worst-case tsu               ; N/A   ; None          ; 3.382 ns    ; ENA  ; inst ; --         ; CLK      ; 0            ;
; Worst-case tco               ; N/A   ; None          ; 4.577 ns    ; inst ; Q    ; CLK        ; --       ; 0            ;
; Worst-case th                ; N/A   ; None          ; -2.298 ns   ; D    ; inst ; --         ; CLK      ; 0            ;
; Total number of failed paths ;       ;               ;             ;      ;      ;            ;          ; 0            ;
+------------------------------+-------+---------------+-------------+------+------+------------+----------+--------------+


+-----------------------------------------------------------------------------------------------------------------------------------------------------+
; Timing Analyzer Settings                                                                                                                            ;
+------------------------------------------------------------------------------------------------------+--------------------+------+----+-------------+
; Option                                                                                               ; Setting            ; From ; To ; Entity Name ;
+------------------------------------------------------------------------------------------------------+--------------------+------+----+-------------+
; Device Name                                                                                          ; EP2S30F672C3       ;      ;    ;             ;
; Timing Models                                                                                        ; Final              ;      ;    ;             ;
; Default hold multicycle                                                                              ; Same as Multicycle ;      ;    ;             ;
; Cut paths between unrelated clock domains                                                            ; On                 ;      ;    ;             ;
; Cut off read during write signal paths                                                               ; On                 ;      ;    ;             ;
; Cut off feedback from I/O pins                                                                       ; On                 ;      ;    ;             ;
; Report Combined Fast/Slow Timing                                                                     ; Off                ;      ;    ;             ;
; Ignore Clock Settings                                                                                ; Off                ;      ;    ;             ;
; Analyze latches as synchronous elements                                                              ; On                 ;      ;    ;             ;
; Enable Recovery/Removal analysis                                                                     ; Off                ;      ;    ;             ;
; Enable Clock Latency                                                                                 ; Off                ;      ;    ;             ;
; Use TimeQuest Timing Analyzer                                                                        ; Off                ;      ;    ;             ;
; Minimum Core Junction Temperature                                                                    ; 0                  ;      ;    ;             ;
; Maximum Core Junction Temperature                                                                    ; 85                 ;      ;    ;             ;
; Number of source nodes to report per destination node                                                ; 10                 ;      ;    ;             ;
; Number of destination nodes to report                                                                ; 10                 ;      ;    ;             ;
; Number of paths to report                                                                            ; 200                ;      ;    ;             ;
; Report Minimum Timing Checks                                                                         ; Off                ;      ;    ;             ;
; Use Fast Timing Models                                                                               ; Off                ;      ;    ;             ;
; Report IO Paths Separately                                                                           ; Off                ;      ;    ;             ;
; Perform Multicorner Analysis                                                                         ; On                 ;      ;    ;             ;
; Reports the worst-case path for each clock domain and analysis                                       ; Off                ;      ;    ;             ;
; Reports worst-case timing paths for each clock domain and analysis                                   ; Off                ;      ;    ;             ;
; Specifies the maximum number of worst-case timing paths to report for each clock domain and analysis ; 100                ;      ;    ;             ;
; Removes common clock path pessimism (CCPP) during slack computation                                  ; Off                ;      ;    ;             ;
; Output I/O Timing Endpoint                                                                           ; Near End           ;      ;    ;             ;
+------------------------------------------------------------------------------------------------------+--------------------+------+----+-------------+


+------------------------------------------------------------------------------------------------------------------------------------------------------------------------------------+
; Clock Settings Summary                                                                                                                                                             ;
+-----------------+--------------------+----------+------------------+---------------+--------------+----------+-----------------------+---------------------+--------+--------------+
; Clock Node Name ; Clock Setting Name ; Type     ; Fmax Requirement ; Early Latency ; Late Latency ; Based on ; Multiply Base Fmax by ; Divide Base Fmax by ; Offset ; Phase offset ;
+-----------------+--------------------+----------+------------------+---------------+--------------+----------+-----------------------+---------------------+--------+--------------+
; CLK             ;                    ; User Pin ; None             ; 0.000 ns      ; 0.000 ns     ; --       ; N/A                   ; N/A                 ; N/A    ;              ;
+-----------------+--------------------+----------+------------------+---------------+--------------+----------+-----------------------+---------------------+--------+--------------+


+------------------------------------------+
; Parallel Compilation                     ;
+----------------------------+-------------+
; Processors                 ; Number      ;
+----------------------------+-------------+
; Number detected on machine ; 4           ;
; Maximum allowed            ; 4           ;
;                            ;             ;
; Average used               ; 1.00        ;
; Maximum used               ; 1           ;
;                            ;             ;
; Usage by Processor         ; % Time Used ;
;     1 processor            ; 100.0%      ;
;     2-4 processors         ;   0.0%      ;
+----------------------------+-------------+


+------------------------------------------------------------+
; tsu                                                        ;
+-------+--------------+------------+------+------+----------+
; Slack ; Required tsu ; Actual tsu ; From ; To   ; To Clock ;
+-------+--------------+------------+------+------+----------+
; N/A   ; None         ; 3.382 ns   ; ENA  ; inst ; CLK      ;
; N/A   ; None         ; 2.537 ns   ; D    ; inst ; CLK      ;
+-------+--------------+------------+------+------+----------+


+------------------------------------------------------------+
; tco                                                        ;
+-------+--------------+------------+------+----+------------+
; Slack ; Required tco ; Actual tco ; From ; To ; From Clock ;
+-------+--------------+------------+------+----+------------+
; N/A   ; None         ; 4.577 ns   ; inst ; Q  ; CLK        ;
+-------+--------------+------------+------+----+------------+


+------------------------------------------------------------------+
; th                                                               ;
+---------------+-------------+-----------+------+------+----------+
; Minimum Slack ; Required th ; Actual th ; From ; To   ; To Clock ;
+---------------+-------------+-----------+------+------+----------+
; N/A           ; None        ; -2.298 ns ; D    ; inst ; CLK      ;
; N/A           ; None        ; -3.143 ns ; ENA  ; inst ; CLK      ;
+---------------+-------------+-----------+------+------+----------+


+--------------------------+
; Timing Analyzer Messages ;
+--------------------------+
Info: *******************************************************************
Info: Running Quartus II Classic Timing Analyzer
    Info: Version 9.1 Build 304 01/25/2010 Service Pack 1 SJ Full Version
    Info: Processing started: Mon Oct 30 16:05:11 2017
Info: Command: quartus_tan --read_settings_files=off --write_settings_files=off dffe_project -c dffe_project --timing_analysis_only
Info: Parallel compilation is enabled and will use 4 of the 4 processors detected
Warning: Found pins functioning as undefined clocks and/or memory enables
    Info: Assuming node "CLK" is an undefined clock
Info: No valid register-to-register data paths exist for clock "CLK"
Info: tsu for register "inst" (data pin = "ENA", clock pin = "CLK") is 3.382 ns
    Info: + Longest pin to register delay is 5.329 ns
        Info: 1: + IC(0.000 ns) + CELL(0.820 ns) = 0.820 ns; Loc. = PIN_Y3; Fanout = 1; PIN Node = 'ENA'
        Info: 2: + IC(3.763 ns) + CELL(0.746 ns) = 5.329 ns; Loc. = LCFF_X61_Y9_N1; Fanout = 1; REG Node = 'inst'
        Info: Total cell delay = 1.566 ns ( 29.39 % )
        Info: Total interconnect delay = 3.763 ns ( 70.61 % )
    Info: + Micro setup delay of destination is 0.090 ns
    Info: - Shortest clock path from clock "CLK" to destination register is 2.037 ns
        Info: 1: + IC(0.000 ns) + CELL(0.830 ns) = 0.830 ns; Loc. = PIN_Y2; Fanout = 1; CLK Node = 'CLK'
        Info: 2: + IC(0.589 ns) + CELL(0.618 ns) = 2.037 ns; Loc. = LCFF_X61_Y9_N1; Fanout = 1; REG Node = 'inst'
        Info: Total cell delay = 1.448 ns ( 71.08 % )
        Info: Total interconnect delay = 0.589 ns ( 28.92 % )
Info: tco from clock "CLK" to destination pin "Q" through register "inst" is 4.577 ns
    Info: + Longest clock path from clock "CLK" to source register is 2.037 ns
        Info: 1: + IC(0.000 ns) + CELL(0.830 ns) = 0.830 ns; Loc. = PIN_Y2; Fanout = 1; CLK Node = 'CLK'
        Info: 2: + IC(0.589 ns) + CELL(0.618 ns) = 2.037 ns; Loc. = LCFF_X61_Y9_N1; Fanout = 1; REG Node = 'inst'
        Info: Total cell delay = 1.448 ns ( 71.08 % )
        Info: Total interconnect delay = 0.589 ns ( 28.92 % )
    Info: + Micro clock to output delay of source is 0.094 ns
    Info: + Longest register to pin delay is 2.446 ns
        Info: 1: + IC(0.000 ns) + CELL(0.000 ns) = 0.000 ns; Loc. = LCFF_X61_Y9_N1; Fanout = 1; REG Node = 'inst'
        Info: 2: + IC(0.322 ns) + CELL(2.124 ns) = 2.446 ns; Loc. = PIN_U5; Fanout = 0; PIN Node = 'Q'
        Info: Total cell delay = 2.124 ns ( 86.84 % )
        Info: Total interconnect delay = 0.322 ns ( 13.16 % )
Info: th for register "inst" (data pin = "D", clock pin = "CLK") is -2.298 ns
    Info: + Longest clock path from clock "CLK" to destination register is 2.037 ns
        Info: 1: + IC(0.000 ns) + CELL(0.830 ns) = 0.830 ns; Loc. = PIN_Y2; Fanout = 1; CLK Node = 'CLK'
        Info: 2: + IC(0.589 ns) + CELL(0.618 ns) = 2.037 ns; Loc. = LCFF_X61_Y9_N1; Fanout = 1; REG Node = 'inst'
        Info: Total cell delay = 1.448 ns ( 71.08 % )
        Info: Total interconnect delay = 0.589 ns ( 28.92 % )
    Info: + Micro hold delay of destination is 0.149 ns
    Info: - Shortest pin to register delay is 4.484 ns
        Info: 1: + IC(0.000 ns) + CELL(0.830 ns) = 0.830 ns; Loc. = PIN_Y1; Fanout = 1; PIN Node = 'D'
        Info: 2: + IC(3.446 ns) + CELL(0.053 ns) = 4.329 ns; Loc. = LCCOMB_X61_Y9_N0; Fanout = 1; COMB Node = 'inst~feeder'
        Info: 3: + IC(0.000 ns) + CELL(0.155 ns) = 4.484 ns; Loc. = LCFF_X61_Y9_N1; Fanout = 1; REG Node = 'inst'
        Info: Total cell delay = 1.038 ns ( 23.15 % )
        Info: Total interconnect delay = 3.446 ns ( 76.85 % )
Info: Quartus II Classic Timing Analyzer was successful. 0 errors, 1 warning
    Info: Peak virtual memory: 176 megabytes
    Info: Processing ended: Mon Oct 30 16:05:11 2017
    Info: Elapsed time: 00:00:00
    Info: Total CPU time (on all processors): 00:00:00


