Flow report for Reg
Fri Sep 29 13:05:59 2017
Quartus II Version 9.1 Build 304 01/25/2010 Service Pack 1 SJ Full Version


---------------------
; Table of Contents ;
---------------------
  1. Legal Notice
  2. Flow Summary
  3. Flow Settings
  4. Flow Non-Default Global Settings
  5. Flow Elapsed Time
  6. Flow OS Summary
  7. Flow Log



----------------
; Legal Notice ;
----------------
Copyright (C) 1991-2010 Altera Corporation
Your use of Altera Corporation's design tools, logic functions 
and other software and tools, and its AMPP partner logic 
functions, and any output files from any of the foregoing 
(including device programming or simulation files), and any 
associated documentation or information are expressly subject 
to the terms and conditions of the Altera Program License 
Subscription Agreement, Altera MegaCore Function License 
Agreement, or other applicable license agreement, including, 
without limitation, that your use is for the sole purpose of 
programming logic devices manufactured by Altera and sold by 
Altera or its authorized distributors.  Please refer to the 
applicable agreement for further details.



+-------------------------------------------------------------------------+
; Flow Summary                                                            ;
+-------------------------+-----------------------------------------------+
; Flow Status             ; Successful - Fri Sep 29 13:05:59 2017         ;
; Quartus II Version      ; 9.1 Build 304 01/25/2010 SP 1 SJ Full Version ;
; Revision Name           ; Reg                                           ;
; Top-level Entity Name   ; reg                                           ;
; Family                  ; Cyclone                                       ;
; Device                  ; EP1C3T100A8                                   ;
; Timing Models           ; Final                                         ;
; Met timing requirements ; No                                            ;
; Total logic elements    ; 12 / 2,910 ( < 1 % )                          ;
; Total pins              ; 13 / 65 ( 20 % )                              ;
; Total virtual pins      ; 0                                             ;
; Total memory bits       ; 0 / 59,904 ( 0 % )                            ;
; Total PLLs              ; 0 / 1 ( 0 % )                                 ;
+-------------------------+-----------------------------------------------+


+-----------------------------------------+
; Flow Settings                           ;
+-------------------+---------------------+
; Option            ; Setting             ;
+-------------------+---------------------+
; Start date & time ; 09/29/2017 13:05:55 ;
; Main task         ; Compilation         ;
; Revision Name     ; Reg                 ;
+-------------------+---------------------+


+--------------------------------------------------------------------------------------------------------------------------------+
; Flow Non-Default Global Settings                                                                                               ;
+---------------------------------------+-----------------------------------------+---------------+-------------+----------------+
; Assignment Name                       ; Value                                   ; Default Value ; Entity Name ; Section Id     ;
+---------------------------------------+-----------------------------------------+---------------+-------------+----------------+
; COMPILER_SIGNATURE_ID                 ; 156968386987.150667955503276            ; --            ; --          ; --             ;
; MAX_CORE_JUNCTION_TEMP                ; 125                                     ; --            ; --          ; --             ;
; MIN_CORE_JUNCTION_TEMP                ; -40                                     ; --            ; --          ; --             ;
; MISC_FILE                             ; H:/Students/Digital/Qua/Seq/Reg/Reg.dpf ; --            ; --          ; --             ;
; OPTIMIZE_MULTI_CORNER_TIMING          ; Off                                     ; On            ; --          ; --             ;
; PARTITION_COLOR                       ; 16764057                                ; --            ; --          ; Top            ;
; PARTITION_NETLIST_TYPE                ; SOURCE                                  ; --            ; --          ; Top            ;
; SYNCHRONIZATION_REGISTER_CHAIN_LENGTH ; 2                                       ; 3             ; --          ; --             ;
; USE_GENERATED_PHYSICAL_CONSTRAINTS    ; Off                                     ; --            ; --          ; eda_blast_fpga ;
+---------------------------------------+-----------------------------------------+---------------+-------------+----------------+


+-----------------------------------------------------------------------------------------------------------------------------+
; Flow Elapsed Time                                                                                                           ;
+-------------------------+--------------+-------------------------+---------------------+------------------------------------+
; Module Name             ; Elapsed Time ; Average Processors Used ; Peak Virtual Memory ; Total CPU Time (on all processors) ;
+-------------------------+--------------+-------------------------+---------------------+------------------------------------+
; Analysis & Synthesis    ; 00:00:00     ; 1.0                     ; 204 MB              ; 00:00:00                           ;
; Fitter                  ; 00:00:01     ; 1.0                     ; 260 MB              ; 00:00:01                           ;
; Assembler               ; 00:00:01     ; 1.0                     ; 191 MB              ; 00:00:00                           ;
; Classic Timing Analyzer ; 00:00:00     ; 1.0                     ; 157 MB              ; 00:00:00                           ;
; Total                   ; 00:00:02     ; --                      ; --                  ; 00:00:01                           ;
+-------------------------+--------------+-------------------------+---------------------+------------------------------------+


+------------------------------------------------------------------------------------------+
; Flow OS Summary                                                                          ;
+-------------------------+------------------+---------------+------------+----------------+
; Module Name             ; Machine Hostname ; OS Name       ; OS Version ; Processor type ;
+-------------------------+------------------+---------------+------------+----------------+
; Analysis & Synthesis    ; VASK_Premier     ; Windows Vista ; 6.1        ; x86_64         ;
; Fitter                  ; VASK_Premier     ; Windows Vista ; 6.1        ; x86_64         ;
; Assembler               ; VASK_Premier     ; Windows Vista ; 6.1        ; x86_64         ;
; Classic Timing Analyzer ; VASK_Premier     ; Windows Vista ; 6.1        ; x86_64         ;
+-------------------------+------------------+---------------+------------+----------------+


------------
; Flow Log ;
------------
quartus_map --read_settings_files=on --write_settings_files=off Reg -c Reg
quartus_fit --read_settings_files=off --write_settings_files=off Reg -c Reg
quartus_asm --read_settings_files=off --write_settings_files=off Reg -c Reg
quartus_tan --read_settings_files=off --write_settings_files=off Reg -c Reg --timing_analysis_only



