Classic Timing Analyzer report for Count
Mon Oct 09 12:10:41 2017
Quartus II Version 9.1 Build 304 01/25/2010 Service Pack 1 SJ Full Version


---------------------
; Table of Contents ;
---------------------
  1. Legal Notice
  2. Timing Analyzer Summary
  3. Timing Analyzer Settings
  4. Clock Settings Summary
  5. Parallel Compilation
  6. Clock Setup: 'CLK'
  7. tco
  8. Timing Analyzer Messages



----------------
; Legal Notice ;
----------------
Copyright (C) 1991-2010 Altera Corporation
Your use of Altera Corporation's design tools, logic functions 
and other software and tools, and its AMPP partner logic 
functions, and any output files from any of the foregoing 
(including device programming or simulation files), and any 
associated documentation or information are expressly subject 
to the terms and conditions of the Altera Program License 
Subscription Agreement, Altera MegaCore Function License 
Agreement, or other applicable license agreement, including, 
without limitation, that your use is for the sole purpose of 
programming logic devices manufactured by Altera and sold by 
Altera or its authorized distributors.  Please refer to the 
applicable agreement for further details.



+--------------------------------------------------------------------------------------------------------------------------------------------------------------+
; Timing Analyzer Summary                                                                                                                                      ;
+------------------------------+-------+---------------+------------------------------------------------+-------+-------+------------+----------+--------------+
; Type                         ; Slack ; Required Time ; Actual Time                                    ; From  ; To    ; From Clock ; To Clock ; Failed Paths ;
+------------------------------+-------+---------------+------------------------------------------------+-------+-------+------------+----------+--------------+
; Worst-case tco               ; N/A   ; None          ; 10.468 ns                                      ; inst1 ; Q3    ; CLK        ; --       ; 0            ;
; Clock Setup: 'CLK'           ; N/A   ; None          ; Restricted to 320.10 MHz ( period = 3.124 ns ) ; inst3 ; inst2 ; CLK        ; CLK      ; 0            ;
; Total number of failed paths ;       ;               ;                                                ;       ;       ;            ;          ; 0            ;
+------------------------------+-------+---------------+------------------------------------------------+-------+-------+------------+----------+--------------+


+-----------------------------------------------------------------------------------------------------------------------------------------------------+
; Timing Analyzer Settings                                                                                                                            ;
+------------------------------------------------------------------------------------------------------+--------------------+------+----+-------------+
; Option                                                                                               ; Setting            ; From ; To ; Entity Name ;
+------------------------------------------------------------------------------------------------------+--------------------+------+----+-------------+
; Device Name                                                                                          ; EP1C3T144I7        ;      ;    ;             ;
; Timing Models                                                                                        ; Final              ;      ;    ;             ;
; Default hold multicycle                                                                              ; Same as Multicycle ;      ;    ;             ;
; Cut paths between unrelated clock domains                                                            ; On                 ;      ;    ;             ;
; Cut off read during write signal paths                                                               ; On                 ;      ;    ;             ;
; Cut off feedback from I/O pins                                                                       ; On                 ;      ;    ;             ;
; Report Combined Fast/Slow Timing                                                                     ; Off                ;      ;    ;             ;
; Ignore Clock Settings                                                                                ; Off                ;      ;    ;             ;
; Analyze latches as synchronous elements                                                              ; On                 ;      ;    ;             ;
; Enable Recovery/Removal analysis                                                                     ; Off                ;      ;    ;             ;
; Enable Clock Latency                                                                                 ; Off                ;      ;    ;             ;
; Use TimeQuest Timing Analyzer                                                                        ; Off                ;      ;    ;             ;
; Minimum Core Junction Temperature                                                                    ; 0                  ;      ;    ;             ;
; Maximum Core Junction Temperature                                                                    ; 100                ;      ;    ;             ;
; Number of source nodes to report per destination node                                                ; 10                 ;      ;    ;             ;
; Number of destination nodes to report                                                                ; 10                 ;      ;    ;             ;
; Number of paths to report                                                                            ; 200                ;      ;    ;             ;
; Report Minimum Timing Checks                                                                         ; Off                ;      ;    ;             ;
; Use Fast Timing Models                                                                               ; Off                ;      ;    ;             ;
; Report IO Paths Separately                                                                           ; Off                ;      ;    ;             ;
; Perform Multicorner Analysis                                                                         ; Off                ;      ;    ;             ;
; Reports the worst-case path for each clock domain and analysis                                       ; Off                ;      ;    ;             ;
; Reports worst-case timing paths for each clock domain and analysis                                   ; On                 ;      ;    ;             ;
; Specifies the maximum number of worst-case timing paths to report for each clock domain and analysis ; 100                ;      ;    ;             ;
; Removes common clock path pessimism (CCPP) during slack computation                                  ; Off                ;      ;    ;             ;
; Output I/O Timing Endpoint                                                                           ; Near End           ;      ;    ;             ;
+------------------------------------------------------------------------------------------------------+--------------------+------+----+-------------+


+------------------------------------------------------------------------------------------------------------------------------------------------------------------------------------+
; Clock Settings Summary                                                                                                                                                             ;
+-----------------+--------------------+----------+------------------+---------------+--------------+----------+-----------------------+---------------------+--------+--------------+
; Clock Node Name ; Clock Setting Name ; Type     ; Fmax Requirement ; Early Latency ; Late Latency ; Based on ; Multiply Base Fmax by ; Divide Base Fmax by ; Offset ; Phase offset ;
+-----------------+--------------------+----------+------------------+---------------+--------------+----------+-----------------------+---------------------+--------+--------------+
; CLK             ;                    ; User Pin ; None             ; 0.000 ns      ; 0.000 ns     ; --       ; N/A                   ; N/A                 ; N/A    ;              ;
+-----------------+--------------------+----------+------------------+---------------+--------------+----------+-----------------------+---------------------+--------+--------------+


+------------------------------------------+
; Parallel Compilation                     ;
+----------------------------+-------------+
; Processors                 ; Number      ;
+----------------------------+-------------+
; Number detected on machine ; 4           ;
; Maximum allowed            ; 4           ;
;                            ;             ;
; Average used               ; 1.00        ;
; Maximum used               ; 1           ;
;                            ;             ;
; Usage by Processor         ; % Time Used ;
;     1 processor            ; 100.0%      ;
;     2-4 processors         ;   0.0%      ;
+----------------------------+-------------+


+------------------------------------------------------------------------------------------------------------------------------------------------------------------------------------+
; Clock Setup: 'CLK'                                                                                                                                                                 ;
+-------+------------------------------------------------+-------+-------+------------+----------+-----------------------------+---------------------------+-------------------------+
; Slack ; Actual fmax (period)                           ; From  ; To    ; From Clock ; To Clock ; Required Setup Relationship ; Required Longest P2P Time ; Actual Longest P2P Time ;
+-------+------------------------------------------------+-------+-------+------------+----------+-----------------------------+---------------------------+-------------------------+
; N/A   ; Restricted to 320.10 MHz ( period = 3.124 ns ) ; inst3 ; inst2 ; CLK        ; CLK      ; None                        ; None                      ; 1.307 ns                ;
; N/A   ; Restricted to 320.10 MHz ( period = 3.124 ns ) ; inst1 ; inst2 ; CLK        ; CLK      ; None                        ; None                      ; 1.145 ns                ;
; N/A   ; Restricted to 320.10 MHz ( period = 3.124 ns ) ; inst1 ; inst3 ; CLK        ; CLK      ; None                        ; None                      ; 1.130 ns                ;
; N/A   ; Restricted to 320.10 MHz ( period = 3.124 ns ) ; inst2 ; inst3 ; CLK        ; CLK      ; None                        ; None                      ; 0.743 ns                ;
; N/A   ; Restricted to 320.10 MHz ( period = 3.124 ns ) ; inst2 ; inst1 ; CLK        ; CLK      ; None                        ; None                      ; 0.739 ns                ;
; N/A   ; Restricted to 320.10 MHz ( period = 3.124 ns ) ; inst1 ; inst1 ; CLK        ; CLK      ; None                        ; None                      ; 0.542 ns                ;
; N/A   ; Restricted to 320.10 MHz ( period = 3.124 ns ) ; inst3 ; inst3 ; CLK        ; CLK      ; None                        ; None                      ; 0.542 ns                ;
+-------+------------------------------------------------+-------+-------+------------+----------+-----------------------------+---------------------------+-------------------------+


+-------------------------------------------------------------+
; tco                                                         ;
+-------+--------------+------------+-------+----+------------+
; Slack ; Required tco ; Actual tco ; From  ; To ; From Clock ;
+-------+--------------+------------+-------+----+------------+
; N/A   ; None         ; 10.468 ns  ; inst1 ; Q3 ; CLK        ;
; N/A   ; None         ; 10.375 ns  ; inst2 ; Q1 ; CLK        ;
; N/A   ; None         ; 10.202 ns  ; inst3 ; Q2 ; CLK        ;
; N/A   ; None         ; 10.142 ns  ; inst1 ; Q1 ; CLK        ;
; N/A   ; None         ; 10.040 ns  ; inst2 ; Q3 ; CLK        ;
; N/A   ; None         ; 10.040 ns  ; inst1 ; Q2 ; CLK        ;
; N/A   ; None         ; 9.803 ns   ; inst3 ; Q3 ; CLK        ;
+-------+--------------+------------+-------+----+------------+


+--------------------------+
; Timing Analyzer Messages ;
+--------------------------+
Info: *******************************************************************
Info: Running Quartus II Classic Timing Analyzer
    Info: Version 9.1 Build 304 01/25/2010 Service Pack 1 SJ Full Version
    Info: Processing started: Mon Oct 09 12:10:41 2017
Info: Command: quartus_tan --read_settings_files=off --write_settings_files=off Count -c Count --timing_analysis_only
Info: Parallel compilation is enabled and will use 4 of the 4 processors detected
Warning: Found pins functioning as undefined clocks and/or memory enables
    Info: Assuming node "CLK" is an undefined clock
Info: Clock "CLK" Internal fmax is restricted to 320.1 MHz between source register "inst3" and destination register "inst2"
    Info: fmax restricted to Clock High delay (1.562 ns) plus Clock Low delay (1.562 ns) : restricted to 3.124 ns. Expand message to see actual delay path.
        Info: + Longest register to register delay is 1.307 ns
            Info: 1: + IC(0.000 ns) + CELL(0.000 ns) = 0.000 ns; Loc. = LC_X1_Y2_N2; Fanout = 3; REG Node = 'inst3'
            Info: 2: + IC(0.475 ns) + CELL(0.258 ns) = 0.733 ns; Loc. = LC_X1_Y2_N4; Fanout = 2; COMB Node = 'inst7~0'
            Info: 3: + IC(0.301 ns) + CELL(0.273 ns) = 1.307 ns; Loc. = LC_X1_Y2_N5; Fanout = 4; REG Node = 'inst2'
            Info: Total cell delay = 0.531 ns ( 40.63 % )
            Info: Total interconnect delay = 0.776 ns ( 59.37 % )
        Info: - Smallest clock skew is 0.000 ns
            Info: + Shortest clock path from clock "CLK" to destination register is 6.424 ns
                Info: 1: + IC(0.000 ns) + CELL(1.299 ns) = 1.299 ns; Loc. = PIN_1; Fanout = 3; CLK Node = 'CLK'
                Info: 2: + IC(4.496 ns) + CELL(0.629 ns) = 6.424 ns; Loc. = LC_X1_Y2_N5; Fanout = 4; REG Node = 'inst2'
                Info: Total cell delay = 1.928 ns ( 30.01 % )
                Info: Total interconnect delay = 4.496 ns ( 69.99 % )
            Info: - Longest clock path from clock "CLK" to source register is 6.424 ns
                Info: 1: + IC(0.000 ns) + CELL(1.299 ns) = 1.299 ns; Loc. = PIN_1; Fanout = 3; CLK Node = 'CLK'
                Info: 2: + IC(4.496 ns) + CELL(0.629 ns) = 6.424 ns; Loc. = LC_X1_Y2_N2; Fanout = 3; REG Node = 'inst3'
                Info: Total cell delay = 1.928 ns ( 30.01 % )
                Info: Total interconnect delay = 4.496 ns ( 69.99 % )
        Info: + Micro clock to output delay of source is 0.198 ns
        Info: + Micro setup delay of destination is 0.033 ns
Info: tco from clock "CLK" to destination pin "Q3" through register "inst1" is 10.468 ns
    Info: + Longest clock path from clock "CLK" to source register is 6.424 ns
        Info: 1: + IC(0.000 ns) + CELL(1.299 ns) = 1.299 ns; Loc. = PIN_1; Fanout = 3; CLK Node = 'CLK'
        Info: 2: + IC(4.496 ns) + CELL(0.629 ns) = 6.424 ns; Loc. = LC_X1_Y2_N6; Fanout = 5; REG Node = 'inst1'
        Info: Total cell delay = 1.928 ns ( 30.01 % )
        Info: Total interconnect delay = 4.496 ns ( 69.99 % )
    Info: + Micro clock to output delay of source is 0.198 ns
    Info: + Longest register to pin delay is 3.846 ns
        Info: 1: + IC(0.000 ns) + CELL(0.000 ns) = 0.000 ns; Loc. = LC_X1_Y2_N6; Fanout = 5; REG Node = 'inst1'
        Info: 2: + IC(0.477 ns) + CELL(0.522 ns) = 0.999 ns; Loc. = LC_X1_Y2_N2; Fanout = 1; COMB Node = 'inst6'
        Info: 3: + IC(0.968 ns) + CELL(1.879 ns) = 3.846 ns; Loc. = PIN_34; Fanout = 0; PIN Node = 'Q3'
        Info: Total cell delay = 2.401 ns ( 62.43 % )
        Info: Total interconnect delay = 1.445 ns ( 37.57 % )
Info: Quartus II Classic Timing Analyzer was successful. 0 errors, 1 warning
    Info: Peak virtual memory: 170 megabytes
    Info: Processing ended: Mon Oct 09 12:10:41 2017
    Info: Elapsed time: 00:00:00
    Info: Total CPU time (on all processors): 00:00:00


