Classic Timing Analyzer report for SeqParReg
Mon Oct 02 14:30:20 2017
Quartus II Version 9.1 Build 304 01/25/2010 Service Pack 1 SJ Full Version


---------------------
; Table of Contents ;
---------------------
  1. Legal Notice
  2. Timing Analyzer Summary
  3. Timing Analyzer Settings
  4. Clock Settings Summary
  5. Parallel Compilation
  6. Clock Setup: 'C1'
  7. tsu
  8. tco
  9. tpd
 10. th
 11. Timing Analyzer Messages



----------------
; Legal Notice ;
----------------
Copyright (C) 1991-2010 Altera Corporation
Your use of Altera Corporation's design tools, logic functions 
and other software and tools, and its AMPP partner logic 
functions, and any output files from any of the foregoing 
(including device programming or simulation files), and any 
associated documentation or information are expressly subject 
to the terms and conditions of the Altera Program License 
Subscription Agreement, Altera MegaCore Function License 
Agreement, or other applicable license agreement, including, 
without limitation, that your use is for the sole purpose of 
programming logic devices manufactured by Altera and sold by 
Altera or its authorized distributors.  Please refer to the 
applicable agreement for further details.



+--------------------------------------------------------------------------------------------------------------------------------------------------------------+
; Timing Analyzer Summary                                                                                                                                      ;
+------------------------------+-------+---------------+------------------------------------------------+-------+-------+------------+----------+--------------+
; Type                         ; Slack ; Required Time ; Actual Time                                    ; From  ; To    ; From Clock ; To Clock ; Failed Paths ;
+------------------------------+-------+---------------+------------------------------------------------+-------+-------+------------+----------+--------------+
; Worst-case tsu               ; N/A   ; None          ; -0.181 ns                                      ; D     ; inst  ; --         ; C1       ; 0            ;
; Worst-case tco               ; N/A   ; None          ; 12.579 ns                                      ; inst2 ; Y2    ; C1         ; --       ; 0            ;
; Worst-case tpd               ; N/A   ; None          ; 11.684 ns                                      ; C2    ; Y2    ; --         ; --       ; 0            ;
; Worst-case th                ; N/A   ; None          ; 0.227 ns                                       ; D     ; inst  ; --         ; C1       ; 0            ;
; Clock Setup: 'C1'            ; N/A   ; None          ; Restricted to 320.10 MHz ( period = 3.124 ns ) ; inst1 ; inst2 ; C1         ; C1       ; 0            ;
; Total number of failed paths ;       ;               ;                                                ;       ;       ;            ;          ; 0            ;
+------------------------------+-------+---------------+------------------------------------------------+-------+-------+------------+----------+--------------+


+-----------------------------------------------------------------------------------------------------------------------------------------------------+
; Timing Analyzer Settings                                                                                                                            ;
+------------------------------------------------------------------------------------------------------+--------------------+------+----+-------------+
; Option                                                                                               ; Setting            ; From ; To ; Entity Name ;
+------------------------------------------------------------------------------------------------------+--------------------+------+----+-------------+
; Device Name                                                                                          ; EP1C20F400I7       ;      ;    ;             ;
; Timing Models                                                                                        ; Final              ;      ;    ;             ;
; Default hold multicycle                                                                              ; Same as Multicycle ;      ;    ;             ;
; Cut paths between unrelated clock domains                                                            ; On                 ;      ;    ;             ;
; Cut off read during write signal paths                                                               ; On                 ;      ;    ;             ;
; Cut off feedback from I/O pins                                                                       ; On                 ;      ;    ;             ;
; Report Combined Fast/Slow Timing                                                                     ; Off                ;      ;    ;             ;
; Ignore Clock Settings                                                                                ; Off                ;      ;    ;             ;
; Analyze latches as synchronous elements                                                              ; On                 ;      ;    ;             ;
; Enable Recovery/Removal analysis                                                                     ; Off                ;      ;    ;             ;
; Enable Clock Latency                                                                                 ; Off                ;      ;    ;             ;
; Use TimeQuest Timing Analyzer                                                                        ; Off                ;      ;    ;             ;
; Minimum Core Junction Temperature                                                                    ; 0                  ;      ;    ;             ;
; Maximum Core Junction Temperature                                                                    ; 100                ;      ;    ;             ;
; Number of source nodes to report per destination node                                                ; 10                 ;      ;    ;             ;
; Number of destination nodes to report                                                                ; 10                 ;      ;    ;             ;
; Number of paths to report                                                                            ; 200                ;      ;    ;             ;
; Report Minimum Timing Checks                                                                         ; Off                ;      ;    ;             ;
; Use Fast Timing Models                                                                               ; Off                ;      ;    ;             ;
; Report IO Paths Separately                                                                           ; Off                ;      ;    ;             ;
; Perform Multicorner Analysis                                                                         ; Off                ;      ;    ;             ;
; Reports the worst-case path for each clock domain and analysis                                       ; Off                ;      ;    ;             ;
; Reports worst-case timing paths for each clock domain and analysis                                   ; On                 ;      ;    ;             ;
; Specifies the maximum number of worst-case timing paths to report for each clock domain and analysis ; 100                ;      ;    ;             ;
; Removes common clock path pessimism (CCPP) during slack computation                                  ; Off                ;      ;    ;             ;
; Output I/O Timing Endpoint                                                                           ; Near End           ;      ;    ;             ;
+------------------------------------------------------------------------------------------------------+--------------------+------+----+-------------+


+------------------------------------------------------------------------------------------------------------------------------------------------------------------------------------+
; Clock Settings Summary                                                                                                                                                             ;
+-----------------+--------------------+----------+------------------+---------------+--------------+----------+-----------------------+---------------------+--------+--------------+
; Clock Node Name ; Clock Setting Name ; Type     ; Fmax Requirement ; Early Latency ; Late Latency ; Based on ; Multiply Base Fmax by ; Divide Base Fmax by ; Offset ; Phase offset ;
+-----------------+--------------------+----------+------------------+---------------+--------------+----------+-----------------------+---------------------+--------+--------------+
; C1              ;                    ; User Pin ; None             ; 0.000 ns      ; 0.000 ns     ; --       ; N/A                   ; N/A                 ; N/A    ;              ;
+-----------------+--------------------+----------+------------------+---------------+--------------+----------+-----------------------+---------------------+--------+--------------+


+------------------------------------------+
; Parallel Compilation                     ;
+----------------------------+-------------+
; Processors                 ; Number      ;
+----------------------------+-------------+
; Number detected on machine ; 4           ;
; Maximum allowed            ; 4           ;
;                            ;             ;
; Average used               ; 1.00        ;
; Maximum used               ; 1           ;
;                            ;             ;
; Usage by Processor         ; % Time Used ;
;     1 processor            ; 100.0%      ;
;     2-4 processors         ;   0.0%      ;
+----------------------------+-------------+


+------------------------------------------------------------------------------------------------------------------------------------------------------------------------------------+
; Clock Setup: 'C1'                                                                                                                                                                  ;
+-------+------------------------------------------------+-------+-------+------------+----------+-----------------------------+---------------------------+-------------------------+
; Slack ; Actual fmax (period)                           ; From  ; To    ; From Clock ; To Clock ; Required Setup Relationship ; Required Longest P2P Time ; Actual Longest P2P Time ;
+-------+------------------------------------------------+-------+-------+------------+----------+-----------------------------+---------------------------+-------------------------+
; N/A   ; Restricted to 320.10 MHz ( period = 3.124 ns ) ; inst1 ; inst2 ; C1         ; C1       ; None                        ; None                      ; 0.750 ns                ;
; N/A   ; Restricted to 320.10 MHz ( period = 3.124 ns ) ; inst  ; inst1 ; C1         ; C1       ; None                        ; None                      ; 0.737 ns                ;
+-------+------------------------------------------------+-------+-------+------------+----------+-----------------------------+---------------------------+-------------------------+


+------------------------------------------------------------+
; tsu                                                        ;
+-------+--------------+------------+------+------+----------+
; Slack ; Required tsu ; Actual tsu ; From ; To   ; To Clock ;
+-------+--------------+------------+------+------+----------+
; N/A   ; None         ; -0.181 ns  ; D    ; inst ; C1       ;
+-------+--------------+------------+------+------+----------+


+-------------------------------------------------------------+
; tco                                                         ;
+-------+--------------+------------+-------+----+------------+
; Slack ; Required tco ; Actual tco ; From  ; To ; From Clock ;
+-------+--------------+------------+-------+----+------------+
; N/A   ; None         ; 12.579 ns  ; inst2 ; Y2 ; C1         ;
; N/A   ; None         ; 11.488 ns  ; inst  ; Y0 ; C1         ;
; N/A   ; None         ; 11.412 ns  ; inst1 ; Y1 ; C1         ;
+-------+--------------+------------+-------+----+------------+


+---------------------------------------------------------+
; tpd                                                     ;
+-------+-------------------+-----------------+------+----+
; Slack ; Required P2P Time ; Actual P2P Time ; From ; To ;
+-------+-------------------+-----------------+------+----+
; N/A   ; None              ; 11.684 ns       ; C2   ; Y2 ;
; N/A   ; None              ; 11.377 ns       ; C2   ; Y1 ;
; N/A   ; None              ; 11.100 ns       ; C2   ; Y0 ;
+-------+-------------------+-----------------+------+----+


+------------------------------------------------------------------+
; th                                                               ;
+---------------+-------------+-----------+------+------+----------+
; Minimum Slack ; Required th ; Actual th ; From ; To   ; To Clock ;
+---------------+-------------+-----------+------+------+----------+
; N/A           ; None        ; 0.227 ns  ; D    ; inst ; C1       ;
+---------------+-------------+-----------+------+------+----------+


+--------------------------+
; Timing Analyzer Messages ;
+--------------------------+
Info: *******************************************************************
Info: Running Quartus II Classic Timing Analyzer
    Info: Version 9.1 Build 304 01/25/2010 Service Pack 1 SJ Full Version
    Info: Processing started: Mon Oct 02 14:30:20 2017
Info: Command: quartus_tan --read_settings_files=off --write_settings_files=off SeqParReg -c SeqParReg --timing_analysis_only
Info: Parallel compilation is enabled and will use 4 of the 4 processors detected
Warning: Found pins functioning as undefined clocks and/or memory enables
    Info: Assuming node "C1" is an undefined clock
Info: Clock "C1" Internal fmax is restricted to 320.1 MHz between source register "inst1" and destination register "inst2"
    Info: fmax restricted to Clock High delay (1.562 ns) plus Clock Low delay (1.562 ns) : restricted to 3.124 ns. Expand message to see actual delay path.
        Info: + Longest register to register delay is 0.750 ns
            Info: 1: + IC(0.000 ns) + CELL(0.000 ns) = 0.000 ns; Loc. = LC_X36_Y32_N0; Fanout = 2; REG Node = 'inst1'
            Info: 2: + IC(0.477 ns) + CELL(0.273 ns) = 0.750 ns; Loc. = LC_X36_Y32_N5; Fanout = 1; REG Node = 'inst2'
            Info: Total cell delay = 0.273 ns ( 36.40 % )
            Info: Total interconnect delay = 0.477 ns ( 63.60 % )
        Info: - Smallest clock skew is 0.000 ns
            Info: + Shortest clock path from clock "C1" to destination register is 7.397 ns
                Info: 1: + IC(0.000 ns) + CELL(1.305 ns) = 1.305 ns; Loc. = PIN_A6; Fanout = 3; CLK Node = 'C1'
                Info: 2: + IC(5.463 ns) + CELL(0.629 ns) = 7.397 ns; Loc. = LC_X36_Y32_N5; Fanout = 1; REG Node = 'inst2'
                Info: Total cell delay = 1.934 ns ( 26.15 % )
                Info: Total interconnect delay = 5.463 ns ( 73.85 % )
            Info: - Longest clock path from clock "C1" to source register is 7.397 ns
                Info: 1: + IC(0.000 ns) + CELL(1.305 ns) = 1.305 ns; Loc. = PIN_A6; Fanout = 3; CLK Node = 'C1'
                Info: 2: + IC(5.463 ns) + CELL(0.629 ns) = 7.397 ns; Loc. = LC_X36_Y32_N0; Fanout = 2; REG Node = 'inst1'
                Info: Total cell delay = 1.934 ns ( 26.15 % )
                Info: Total interconnect delay = 5.463 ns ( 73.85 % )
        Info: + Micro clock to output delay of source is 0.198 ns
        Info: + Micro setup delay of destination is 0.033 ns
Info: tsu for register "inst" (data pin = "D", clock pin = "C1") is -0.181 ns
    Info: + Longest pin to register delay is 7.183 ns
        Info: 1: + IC(0.000 ns) + CELL(1.305 ns) = 1.305 ns; Loc. = PIN_A8; Fanout = 1; PIN Node = 'D'
        Info: 2: + IC(5.605 ns) + CELL(0.273 ns) = 7.183 ns; Loc. = LC_X36_Y32_N3; Fanout = 2; REG Node = 'inst'
        Info: Total cell delay = 1.578 ns ( 21.97 % )
        Info: Total interconnect delay = 5.605 ns ( 78.03 % )
    Info: + Micro setup delay of destination is 0.033 ns
    Info: - Shortest clock path from clock "C1" to destination register is 7.397 ns
        Info: 1: + IC(0.000 ns) + CELL(1.305 ns) = 1.305 ns; Loc. = PIN_A6; Fanout = 3; CLK Node = 'C1'
        Info: 2: + IC(5.463 ns) + CELL(0.629 ns) = 7.397 ns; Loc. = LC_X36_Y32_N3; Fanout = 2; REG Node = 'inst'
        Info: Total cell delay = 1.934 ns ( 26.15 % )
        Info: Total interconnect delay = 5.463 ns ( 73.85 % )
Info: tco from clock "C1" to destination pin "Y2" through register "inst2" is 12.579 ns
    Info: + Longest clock path from clock "C1" to source register is 7.397 ns
        Info: 1: + IC(0.000 ns) + CELL(1.305 ns) = 1.305 ns; Loc. = PIN_A6; Fanout = 3; CLK Node = 'C1'
        Info: 2: + IC(5.463 ns) + CELL(0.629 ns) = 7.397 ns; Loc. = LC_X36_Y32_N5; Fanout = 1; REG Node = 'inst2'
        Info: Total cell delay = 1.934 ns ( 26.15 % )
        Info: Total interconnect delay = 5.463 ns ( 73.85 % )
    Info: + Micro clock to output delay of source is 0.198 ns
    Info: + Longest register to pin delay is 4.984 ns
        Info: 1: + IC(0.000 ns) + CELL(0.000 ns) = 0.000 ns; Loc. = LC_X36_Y32_N5; Fanout = 1; REG Node = 'inst2'
        Info: 2: + IC(0.663 ns) + CELL(0.522 ns) = 1.185 ns; Loc. = LC_X36_Y32_N4; Fanout = 1; COMB Node = 'inst5'
        Info: 3: + IC(1.934 ns) + CELL(1.865 ns) = 4.984 ns; Loc. = PIN_A13; Fanout = 0; PIN Node = 'Y2'
        Info: Total cell delay = 2.387 ns ( 47.89 % )
        Info: Total interconnect delay = 2.597 ns ( 52.11 % )
Info: Longest tpd from source pin "C2" to destination pin "Y2" is 11.684 ns
    Info: 1: + IC(0.000 ns) + CELL(1.305 ns) = 1.305 ns; Loc. = PIN_A7; Fanout = 3; PIN Node = 'C2'
    Info: 2: + IC(6.322 ns) + CELL(0.258 ns) = 7.885 ns; Loc. = LC_X36_Y32_N4; Fanout = 1; COMB Node = 'inst5'
    Info: 3: + IC(1.934 ns) + CELL(1.865 ns) = 11.684 ns; Loc. = PIN_A13; Fanout = 0; PIN Node = 'Y2'
    Info: Total cell delay = 3.428 ns ( 29.34 % )
    Info: Total interconnect delay = 8.256 ns ( 70.66 % )
Info: th for register "inst" (data pin = "D", clock pin = "C1") is 0.227 ns
    Info: + Longest clock path from clock "C1" to destination register is 7.397 ns
        Info: 1: + IC(0.000 ns) + CELL(1.305 ns) = 1.305 ns; Loc. = PIN_A6; Fanout = 3; CLK Node = 'C1'
        Info: 2: + IC(5.463 ns) + CELL(0.629 ns) = 7.397 ns; Loc. = LC_X36_Y32_N3; Fanout = 2; REG Node = 'inst'
        Info: Total cell delay = 1.934 ns ( 26.15 % )
        Info: Total interconnect delay = 5.463 ns ( 73.85 % )
    Info: + Micro hold delay of destination is 0.013 ns
    Info: - Shortest pin to register delay is 7.183 ns
        Info: 1: + IC(0.000 ns) + CELL(1.305 ns) = 1.305 ns; Loc. = PIN_A8; Fanout = 1; PIN Node = 'D'
        Info: 2: + IC(5.605 ns) + CELL(0.273 ns) = 7.183 ns; Loc. = LC_X36_Y32_N3; Fanout = 2; REG Node = 'inst'
        Info: Total cell delay = 1.578 ns ( 21.97 % )
        Info: Total interconnect delay = 5.605 ns ( 78.03 % )
Info: Quartus II Classic Timing Analyzer was successful. 0 errors, 1 warning
    Info: Peak virtual memory: 171 megabytes
    Info: Processing ended: Mon Oct 02 14:30:20 2017
    Info: Elapsed time: 00:00:00
    Info: Total CPU time (on all processors): 00:00:00


